<?xml version="1.0" encoding="UTF-8"?>
<!-- Generated by org.testng.reporters.JUnitReportReporter -->
<testsuite skipped="0" hostname="TechoDrive-ПК" name="TaskTest" tests="2" failures="0" timestamp="13 ноя 2018 04:45:32 GMT" time="48.568" errors="0">
  <testcase name="clickFindAStudio" time="32.524" classname="TaskTest"/>
  <testcase name="searchForStudioZipCode" time="16.044" classname="TaskTest"/>
</testsuite> <!-- TaskTest -->
